<?xml version="1.0" encoding="UTF-8"?>
<testng-results ignored="0" total="2" passed="2" failed="0" skipped="0">
  <reporter-output>
  </reporter-output>
  <suite started-at="2024-09-05T00:09:01 IST" name="Suite" finished-at="2024-09-05T00:10:00 IST" duration-ms="59144">
    <groups>
      <group name="Smoke">
        <method signature="Test1.test1(java.lang.String,java.lang.String,java.lang.String)[pri:0, instance:eCommerce.Test1@50378a4]" name="test1" class="eCommerce.Test1"/>
      </group> <!-- Smoke -->
    </groups>
    <test started-at="2024-09-05T00:09:01 IST" name="Test1VerifyPriceSum" finished-at="2024-09-05T00:10:00 IST" duration-ms="58710">
      <class name="eCommerce.Test1">
        <test-method is-config="true" signature="startApp()[pri:0, instance:eCommerce.Test1@50378a4]" started-at="2024-09-05T00:09:01 IST" name="startApp" finished-at="2024-09-05T00:09:23 IST" duration-ms="21828" status="PASS">
          <reporter-output>
          </reporter-output>
        </test-method> <!-- startApp -->
        <test-method is-config="true" signature="preSetup()[pri:0, instance:eCommerce.Test1@50378a4]" started-at="2024-09-05T00:09:23 IST" name="preSetup" finished-at="2024-09-05T00:09:23 IST" duration-ms="115" status="PASS">
          <reporter-output>
          </reporter-output>
        </test-method> <!-- preSetup -->
        <test-method signature="test1(java.lang.String,java.lang.String,java.lang.String)[pri:0, instance:eCommerce.Test1@50378a4]" started-at="2024-09-05T00:09:23 IST" name="test1" data-provider="testData" finished-at="2024-09-05T00:09:41 IST" duration-ms="17985" status="PASS">
          <params>
            <param index="0">
              <value>
                <![CDATA[John]]>
              </value>
            </param>
            <param index="1">
              <value>
                <![CDATA[female]]>
              </value>
            </param>
            <param index="2">
              <value>
                <![CDATA[Algeria]]>
              </value>
            </param>
          </params>
          <reporter-output>
          </reporter-output>
        </test-method> <!-- test1 -->
        <test-method is-config="true" signature="preSetup()[pri:0, instance:eCommerce.Test1@50378a4]" started-at="2024-09-05T00:09:41 IST" name="preSetup" finished-at="2024-09-05T00:09:44 IST" duration-ms="3101" status="PASS">
          <reporter-output>
          </reporter-output>
        </test-method> <!-- preSetup -->
        <test-method signature="test1(java.lang.String,java.lang.String,java.lang.String)[pri:0, instance:eCommerce.Test1@50378a4]" started-at="2024-09-05T00:09:44 IST" name="test1" data-provider="testData" finished-at="2024-09-05T00:09:59 IST" duration-ms="14813" status="PASS">
          <params>
            <param index="0">
              <value>
                <![CDATA[David]]>
              </value>
            </param>
            <param index="1">
              <value>
                <![CDATA[male]]>
              </value>
            </param>
            <param index="2">
              <value>
                <![CDATA[Albania]]>
              </value>
            </param>
          </params>
          <reporter-output>
          </reporter-output>
        </test-method> <!-- test1 -->
        <test-method is-config="true" signature="closeApp()[pri:0, instance:eCommerce.Test1@50378a4]" started-at="2024-09-05T00:09:59 IST" name="closeApp" finished-at="2024-09-05T00:10:00 IST" duration-ms="817" status="PASS">
          <reporter-output>
          </reporter-output>
        </test-method> <!-- closeApp -->
      </class> <!-- eCommerce.Test1 -->
    </test> <!-- Test1VerifyPriceSum -->
    <test started-at="2024-09-05T00:10:00 IST" name="HomePageScenarios" finished-at="2024-09-05T00:10:00 IST" duration-ms="2">
    </test> <!-- HomePageScenarios -->
    <test started-at="2024-09-05T00:10:00 IST" name="SwitchToBrowser" finished-at="2024-09-05T00:10:00 IST" duration-ms="0">
    </test> <!-- SwitchToBrowser -->
  </suite> <!-- Suite -->
</testng-results>
