<?xml version="1.0" encoding="UTF-8"?>
<testng-results ignored="3" total="5" passed="2" failed="0" skipped="0">
  <reporter-output>
  </reporter-output>
  <suite started-at="2024-09-03T22:34:12 IST" name="Suite" finished-at="2024-09-03T22:35:07 IST" duration-ms="54593">
    <groups>
      <group name="Smoke">
        <method signature="Test1.test1(java.lang.String,java.lang.String,java.lang.String)[pri:0, instance:eCommerce.Test1@466276d8]" name="test1" class="eCommerce.Test1"/>
      </group> <!-- Smoke -->
    </groups>
    <test started-at="2024-09-03T22:34:12 IST" name="Test1VerifyPriceSum" finished-at="2024-09-03T22:35:06 IST" duration-ms="54213">
      <class name="eCommerce.Test1">
        <test-method is-config="true" signature="startApp()[pri:0, instance:eCommerce.Test1@466276d8]" started-at="2024-09-03T22:34:12 IST" name="startApp" finished-at="2024-09-03T22:34:31 IST" duration-ms="18605" status="PASS">
          <reporter-output>
          </reporter-output>
        </test-method> <!-- startApp -->
        <test-method is-config="true" signature="preSetup()[pri:0, instance:eCommerce.Test1@466276d8]" started-at="2024-09-03T22:34:31 IST" name="preSetup" finished-at="2024-09-03T22:34:31 IST" duration-ms="375" status="PASS">
          <reporter-output>
          </reporter-output>
        </test-method> <!-- preSetup -->
        <test-method signature="test1(java.lang.String,java.lang.String,java.lang.String)[pri:0, instance:eCommerce.Test1@466276d8]" started-at="2024-09-03T22:34:31 IST" name="test1" data-provider="testData" finished-at="2024-09-03T22:34:50 IST" duration-ms="18526" status="PASS">
          <params>
            <param index="0">
              <value>
                <![CDATA[John]]>
              </value>
            </param>
            <param index="1">
              <value>
                <![CDATA[female]]>
              </value>
            </param>
            <param index="2">
              <value>
                <![CDATA[Algeria]]>
              </value>
            </param>
          </params>
          <reporter-output>
          </reporter-output>
        </test-method> <!-- test1 -->
        <test-method is-config="true" signature="preSetup()[pri:0, instance:eCommerce.Test1@466276d8]" started-at="2024-09-03T22:34:50 IST" name="preSetup" finished-at="2024-09-03T22:34:51 IST" duration-ms="1419" status="PASS">
          <reporter-output>
          </reporter-output>
        </test-method> <!-- preSetup -->
        <test-method signature="test1(java.lang.String,java.lang.String,java.lang.String)[pri:0, instance:eCommerce.Test1@466276d8]" started-at="2024-09-03T22:34:51 IST" name="test1" data-provider="testData" finished-at="2024-09-03T22:35:05 IST" duration-ms="14197" status="PASS">
          <params>
            <param index="0">
              <value>
                <![CDATA[David]]>
              </value>
            </param>
            <param index="1">
              <value>
                <![CDATA[male]]>
              </value>
            </param>
            <param index="2">
              <value>
                <![CDATA[Albania]]>
              </value>
            </param>
          </params>
          <reporter-output>
          </reporter-output>
        </test-method> <!-- test1 -->
        <test-method is-config="true" signature="closeApp()[pri:0, instance:eCommerce.Test1@466276d8]" started-at="2024-09-03T22:35:05 IST" name="closeApp" finished-at="2024-09-03T22:35:06 IST" duration-ms="1051" status="PASS">
          <reporter-output>
          </reporter-output>
        </test-method> <!-- closeApp -->
      </class> <!-- eCommerce.Test1 -->
    </test> <!-- Test1VerifyPriceSum -->
    <test started-at="2024-09-03T22:35:07 IST" name="HomePageScenarios" finished-at="2024-09-03T22:35:07 IST" duration-ms="1">
    </test> <!-- HomePageScenarios -->
    <test started-at="2024-09-03T22:35:07 IST" name="SwitchToBrowser" finished-at="2024-09-03T22:35:07 IST" duration-ms="3">
    </test> <!-- SwitchToBrowser -->
  </suite> <!-- Suite -->
</testng-results>
